2026-07-02 05:59:51,507 [INFO] ============================================================
2026-07-02 05:59:51,508 [INFO] HFIN - Hierarchical Federated Class-Incremental Learning
2026-07-02 05:59:51,508 [INFO]    Network Intrusion Detection for IIoT
2026-07-02 05:59:51,508 [INFO] ============================================================
2026-07-02 05:59:51,508 [INFO] Device: cpu
2026-07-02 05:59:51,508 [INFO] Dataset: cic_iot23
2026-07-02 05:59:51,508 [INFO] Method: DER
2026-07-02 05:59:51,508 [INFO] Mode: TRAIN
2026-07-02 05:59:51,508 [INFO] Clients: 10, Edge Servers: 2
2026-07-02 05:59:51,508 [INFO] Base classes: 6, Task size: 5
2026-07-02 05:59:51,508 [INFO] Total classes: 34
2026-07-02 05:59:51,508 [INFO] 
[1/4] Loading global test data for CIC-IoT23...
2026-07-02 06:00:06,147 [INFO] Features: 33, Global Test: 14002687
2026-07-02 06:00:06,147 [INFO] Total classes: 34 | Clients: 10 | Edges: 2
2026-07-02 06:00:06,714 [INFO] 
[2/4] Mapping 10 FL Clients to 2 Edge Server(s)...
2026-07-02 06:00:06,714 [INFO] 
[2/4] Mapping 10 FL Clients to 2 Edge Servers...
2026-07-02 06:00:06,714 [INFO] Edge-Client mapping: defaultdict(<class 'list'>, {0: [0, 1, 2, 3, 4], 1: [5, 6, 7, 8, 9]})
2026-07-02 06:00:06,714 [INFO] 
[3/4] Initializing models...
2026-07-02 06:00:06,732 [INFO] [DER] DERNetwork initialized: 1 backbone, 6 classes
2026-07-02 06:00:30,918 [INFO] [REPLAY] replay_ratio=0.01 | total_train=32,683,828 | memory_size/Edge=326,838
2026-07-02 06:00:30,929 [INFO] 
[4/4] Starting training...
2026-07-02 06:00:30,930 [INFO] 
Loading data for Task 0 (Classes: [0, 1, 2, 3, 4, 5])...
2026-07-02 06:00:30,930 [INFO] [SCENARIO] Active clients for Task 0: 5 clients (0 to 4)
2026-07-02 06:00:31,426 [INFO] 
============================================================
2026-07-02 06:00:31,426 [INFO] Task 0/5 | Classes: [0, 1, 2, 3, 4, 5] | 30 rounds | LR: 0.001
2026-07-02 06:00:31,426 [INFO] ============================================================
2026-07-02 06:00:31,426 [INFO] 
--- Task 0, Round 1/30 (Global 1) ---
2026-07-02 06:09:44,470 [INFO] Edge 0: [DER] Task 0 done. Backbones: 1 | Total features: 64 | Memory: 0
2026-07-02 06:09:44,615 [INFO] Edge 1: WTO không chọn client nào.
2026-07-02 06:10:46,922 [INFO]   [Eval] Task 0, R 1: Acc: 99.52% | Prec-Mac: 63.63% | Rec-Mac: 74.87% | Mi-F1: 99.52% | Ma-F1: 66.07% | We-F1: 99.66% | Loss: 0.0171
2026-07-02 06:10:46,930 [INFO]   [CKPT] Saved: ckpt_der_task00_r001_global001_acc99.5.pth
2026-07-02 06:10:46,930 [INFO] 
--- Task 0, Round 2/30 (Global 2) ---
2026-07-02 06:19:55,145 [INFO] Edge 0: [DER] Task 0 done. Backbones: 1 | Total features: 64 | Memory: 0
2026-07-02 06:19:55,314 [INFO] Edge 1: WTO không chọn client nào.
2026-07-02 06:20:57,624 [INFO]   [Eval] Task 0, R 2: Acc: 99.61% | Prec-Mac: 63.90% | Rec-Mac: 75.95% | Mi-F1: 99.61% | Ma-F1: 66.79% | We-F1: 99.71% | Loss: 0.0136
2026-07-02 06:20:57,628 [INFO]   [CKPT] Saved: ckpt_der_task00_r002_global002_acc99.6.pth
2026-07-02 06:20:57,628 [INFO] 
--- Task 0, Round 3/30 (Global 3) ---
2026-07-02 06:27:45,818 [INFO] Edge 0: [DER] Task 0 done. Backbones: 1 | Total features: 64 | Memory: 0
2026-07-02 06:27:45,931 [INFO] Edge 1: WTO không chọn client nào.
2026-07-02 06:28:45,790 [INFO]   [Eval] Task 0, R 3: Acc: 99.75% | Prec-Mac: 67.34% | Rec-Mac: 75.85% | Mi-F1: 99.75% | Ma-F1: 69.80% | We-F1: 99.79% | Loss: 0.0097
2026-07-02 06:28:45,793 [INFO]   [CKPT] Saved: ckpt_der_task00_r003_global003_acc99.7.pth
2026-07-02 06:28:45,793 [INFO] 
--- Task 0, Round 4/30 (Global 4) ---
2026-07-02 06:36:07,851 [INFO] Edge 0: [DER] Task 0 done. Backbones: 1 | Total features: 64 | Memory: 0
2026-07-02 06:36:07,976 [INFO] Edge 1: WTO không chọn client nào.
2026-07-02 06:37:13,691 [INFO]   [Eval] Task 0, R 4: Acc: 99.74% | Prec-Mac: 66.09% | Rec-Mac: 75.29% | Mi-F1: 99.74% | Ma-F1: 68.92% | We-F1: 99.79% | Loss: 0.0094
2026-07-02 06:37:13,694 [INFO]   [CKPT] Saved: ckpt_der_task00_r004_global004_acc99.7.pth
2026-07-02 06:37:13,695 [INFO] 
--- Task 0, Round 5/30 (Global 5) ---
2026-07-02 06:44:38,930 [INFO] Edge 0: [DER] Task 0 done. Backbones: 1 | Total features: 64 | Memory: 0
2026-07-02 06:44:39,055 [INFO] Edge 1: WTO không chọn client nào.
2026-07-02 06:45:43,389 [INFO]   [Eval] Task 0, R 5: Acc: 99.78% | Prec-Mac: 66.46% | Rec-Mac: 74.30% | Mi-F1: 99.78% | Ma-F1: 69.49% | We-F1: 99.80% | Loss: 0.0085
2026-07-02 06:45:43,392 [INFO]   [CKPT] Saved: ckpt_der_task00_r005_global005_acc99.8.pth
2026-07-02 06:45:43,392 [INFO] 
--- Task 0, Round 6/30 (Global 6) ---
2026-07-02 06:58:31,797 [INFO] Edge 0: [DER] Task 0 done. Backbones: 1 | Total features: 64 | Memory: 0
2026-07-02 06:58:31,997 [INFO] Edge 1: WTO không chọn client nào.
2026-07-02 06:59:59,124 [INFO]   [Eval] Task 0, R 6: Acc: 99.65% | Prec-Mac: 65.37% | Rec-Mac: 77.25% | Mi-F1: 99.65% | Ma-F1: 68.38% | We-F1: 99.74% | Loss: 0.0120
2026-07-02 06:59:59,131 [INFO]   [CKPT] Saved: ckpt_der_task00_r006_global006_acc99.6.pth
2026-07-02 06:59:59,131 [INFO] 
--- Task 0, Round 7/30 (Global 7) ---
2026-07-02 07:12:58,369 [INFO] Edge 0: [DER] Task 0 done. Backbones: 1 | Total features: 64 | Memory: 0
2026-07-02 07:12:58,562 [INFO] Edge 1: WTO không chọn client nào.
2026-07-02 07:14:22,804 [INFO]   [Eval] Task 0, R 7: Acc: 99.56% | Prec-Mac: 64.92% | Rec-Mac: 79.09% | Mi-F1: 99.56% | Ma-F1: 67.79% | We-F1: 99.69% | Loss: 0.0145
2026-07-02 07:14:22,810 [INFO]   [CKPT] Saved: ckpt_der_task00_r007_global007_acc99.6.pth
2026-07-02 07:14:22,810 [INFO] 
--- Task 0, Round 8/30 (Global 8) ---
2026-07-02 07:27:43,745 [INFO] Edge 0: [DER] Task 0 done. Backbones: 1 | Total features: 64 | Memory: 0
2026-07-02 07:27:43,944 [INFO] Edge 1: WTO không chọn client nào.
2026-07-02 07:29:06,145 [INFO]   [Eval] Task 0, R 8: Acc: 99.70% | Prec-Mac: 65.88% | Rec-Mac: 76.38% | Mi-F1: 99.70% | Ma-F1: 68.39% | We-F1: 99.77% | Loss: 0.0099
2026-07-02 07:29:06,151 [INFO]   [CKPT] Saved: ckpt_der_task00_r008_global008_acc99.7.pth
2026-07-02 07:29:06,151 [INFO] 
--- Task 0, Round 9/30 (Global 9) ---
2026-07-02 07:42:28,491 [INFO] Edge 0: [DER] Task 0 done. Backbones: 1 | Total features: 64 | Memory: 0
2026-07-02 07:42:28,705 [INFO] Edge 1: WTO không chọn client nào.
2026-07-02 07:43:56,988 [INFO]   [Eval] Task 0, R 9: Acc: 99.69% | Prec-Mac: 65.12% | Rec-Mac: 76.89% | Mi-F1: 99.69% | Ma-F1: 67.76% | We-F1: 99.76% | Loss: 0.0095
2026-07-02 07:43:56,995 [INFO]   [CKPT] Saved: ckpt_der_task00_r009_global009_acc99.7.pth
2026-07-02 07:43:56,995 [INFO] 
--- Task 0, Round 10/30 (Global 10) ---
2026-07-02 07:53:45,579 [INFO] Edge 0: [DER] Task 0 done. Backbones: 1 | Total features: 64 | Memory: 0
2026-07-02 07:53:45,749 [INFO] Edge 1: WTO không chọn client nào.
2026-07-02 07:55:11,033 [INFO]   [Eval] Task 0, R 10: Acc: 99.71% | Prec-Mac: 66.25% | Rec-Mac: 77.64% | Mi-F1: 99.71% | Ma-F1: 69.30% | We-F1: 99.77% | Loss: 0.0100
2026-07-02 07:55:11,037 [INFO]   [CKPT] Saved: ckpt_der_task00_r010_global010_acc99.7.pth
2026-07-02 07:55:11,037 [INFO] 
--- Task 0, Round 11/30 (Global 11) ---
2026-07-02 08:07:59,358 [INFO] Edge 0: [DER] Task 0 done. Backbones: 1 | Total features: 64 | Memory: 0
2026-07-02 08:07:59,558 [INFO] Edge 1: WTO không chọn client nào.
2026-07-02 08:09:24,440 [INFO]   [Eval] Task 0, R 11: Acc: 99.65% | Prec-Mac: 67.35% | Rec-Mac: 79.89% | Mi-F1: 99.65% | Ma-F1: 70.03% | We-F1: 99.75% | Loss: 0.0111
2026-07-02 08:09:24,445 [INFO]   [CKPT] Saved: ckpt_der_task00_r011_global011_acc99.7.pth
2026-07-02 08:09:24,445 [INFO] 
--- Task 0, Round 12/30 (Global 12) ---
2026-07-02 08:18:56,419 [INFO] Edge 0: [DER] Task 0 done. Backbones: 1 | Total features: 64 | Memory: 0
2026-07-02 08:18:56,574 [INFO] Edge 1: WTO không chọn client nào.
2026-07-02 08:20:19,439 [INFO]   [Eval] Task 0, R 12: Acc: 99.78% | Prec-Mac: 67.05% | Rec-Mac: 75.44% | Mi-F1: 99.78% | Ma-F1: 69.75% | We-F1: 99.81% | Loss: 0.0080
2026-07-02 08:20:19,446 [INFO]   [CKPT] Saved: ckpt_der_task00_r012_global012_acc99.8.pth
2026-07-02 08:20:19,447 [INFO] 
--- Task 0, Round 13/30 (Global 13) ---
2026-07-02 08:29:25,177 [INFO] Edge 0: [DER] Task 0 done. Backbones: 1 | Total features: 64 | Memory: 0
2026-07-02 08:29:25,341 [INFO] Edge 1: WTO không chọn client nào.
2026-07-02 08:30:44,595 [INFO]   [Eval] Task 0, R 13: Acc: 99.77% | Prec-Mac: 65.93% | Rec-Mac: 75.50% | Mi-F1: 99.77% | Ma-F1: 68.89% | We-F1: 99.81% | Loss: 0.0080
2026-07-02 08:30:44,599 [INFO]   [CKPT] Saved: ckpt_der_task00_r013_global013_acc99.8.pth
2026-07-02 08:30:44,600 [INFO] 
--- Task 0, Round 14/30 (Global 14) ---
2026-07-02 08:43:02,666 [INFO] Edge 0: [DER] Task 0 done. Backbones: 1 | Total features: 64 | Memory: 0
2026-07-02 08:43:02,868 [INFO] Edge 1: WTO không chọn client nào.
2026-07-02 08:44:22,210 [INFO]   [Eval] Task 0, R 14: Acc: 99.56% | Prec-Mac: 64.88% | Rec-Mac: 78.33% | Mi-F1: 99.56% | Ma-F1: 67.62% | We-F1: 99.69% | Loss: 0.0132
2026-07-02 08:44:22,214 [INFO]   [CKPT] Saved: ckpt_der_task00_r014_global014_acc99.6.pth
2026-07-02 08:44:22,214 [INFO] 
--- Task 0, Round 15/30 (Global 15) ---
2026-07-02 08:56:26,226 [INFO] Edge 0: [DER] Task 0 done. Backbones: 1 | Total features: 64 | Memory: 0
2026-07-02 08:56:26,441 [INFO] Edge 1: WTO không chọn client nào.
2026-07-02 08:57:48,734 [INFO]   [Eval] Task 0, R 15: Acc: 99.62% | Prec-Mac: 66.07% | Rec-Mac: 79.81% | Mi-F1: 99.62% | Ma-F1: 69.02% | We-F1: 99.73% | Loss: 0.0121
2026-07-02 08:57:48,742 [INFO]   [CKPT] Saved: ckpt_der_task00_r015_global015_acc99.6.pth
2026-07-02 08:57:48,742 [INFO] 
--- Task 0, Round 16/30 (Global 16) ---
2026-07-02 09:06:59,985 [INFO] Edge 0: [DER] Task 0 done. Backbones: 1 | Total features: 64 | Memory: 0
2026-07-02 09:07:00,134 [INFO] Edge 1: WTO không chọn client nào.
2026-07-02 09:08:21,246 [INFO]   [Eval] Task 0, R 16: Acc: 99.60% | Prec-Mac: 65.59% | Rec-Mac: 80.97% | Mi-F1: 99.60% | Ma-F1: 68.83% | We-F1: 99.72% | Loss: 0.0126
2026-07-02 09:08:21,251 [INFO]   [CKPT] Saved: ckpt_der_task00_r016_global016_acc99.6.pth
2026-07-02 09:08:21,251 [INFO] 
--- Task 0, Round 17/30 (Global 17) ---
2026-07-02 09:17:09,617 [INFO] Edge 0: [DER] Task 0 done. Backbones: 1 | Total features: 64 | Memory: 0
2026-07-02 09:17:09,791 [INFO] Edge 1: WTO không chọn client nào.
2026-07-02 09:18:28,472 [INFO]   [Eval] Task 0, R 17: Acc: 99.78% | Prec-Mac: 67.29% | Rec-Mac: 76.45% | Mi-F1: 99.78% | Ma-F1: 70.00% | We-F1: 99.81% | Loss: 0.0072
2026-07-02 09:18:28,477 [INFO]   [CKPT] Saved: ckpt_der_task00_r017_global017_acc99.8.pth
2026-07-02 09:18:28,477 [INFO] 
--- Task 0, Round 18/30 (Global 18) ---
2026-07-02 09:31:01,868 [INFO] Edge 0: [DER] Task 0 done. Backbones: 1 | Total features: 64 | Memory: 0
2026-07-02 09:31:02,078 [INFO] Edge 1: WTO không chọn client nào.
2026-07-02 09:32:21,550 [INFO]   [Eval] Task 0, R 18: Acc: 99.53% | Prec-Mac: 65.59% | Rec-Mac: 80.19% | Mi-F1: 99.53% | Ma-F1: 68.13% | We-F1: 99.68% | Loss: 0.0136
2026-07-02 09:32:21,555 [INFO]   [CKPT] Saved: ckpt_der_task00_r018_global018_acc99.5.pth
2026-07-02 09:32:21,556 [INFO] 
--- Task 0, Round 19/30 (Global 19) ---
2026-07-02 09:44:50,688 [INFO] Edge 0: [DER] Task 0 done. Backbones: 1 | Total features: 64 | Memory: 0
2026-07-02 09:44:50,888 [INFO] Edge 1: WTO không chọn client nào.
2026-07-02 09:46:10,504 [INFO]   [Eval] Task 0, R 19: Acc: 99.69% | Prec-Mac: 67.29% | Rec-Mac: 79.88% | Mi-F1: 99.69% | Ma-F1: 70.36% | We-F1: 99.77% | Loss: 0.0097
2026-07-02 09:46:10,511 [INFO]   [CKPT] Saved: ckpt_der_task00_r019_global019_acc99.7.pth
2026-07-02 09:46:10,511 [INFO] 
--- Task 0, Round 20/30 (Global 20) ---
2026-07-02 09:55:14,148 [INFO] Edge 0: [DER] Task 0 done. Backbones: 1 | Total features: 64 | Memory: 0
2026-07-02 09:55:14,318 [INFO] Edge 1: WTO không chọn client nào.
2026-07-02 09:56:33,813 [INFO]   [Eval] Task 0, R 20: Acc: 99.74% | Prec-Mac: 68.30% | Rec-Mac: 78.63% | Mi-F1: 99.74% | Ma-F1: 70.87% | We-F1: 99.79% | Loss: 0.0087
2026-07-02 09:56:33,817 [INFO]   [CKPT] Saved: ckpt_der_task00_r020_global020_acc99.7.pth
2026-07-02 09:56:33,817 [INFO] 
--- Task 0, Round 21/30 (Global 21) ---
2026-07-02 10:08:59,213 [INFO] Edge 0: [DER] Task 0 done. Backbones: 1 | Total features: 64 | Memory: 0
2026-07-02 10:08:59,411 [INFO] Edge 1: WTO không chọn client nào.
2026-07-02 10:10:19,134 [INFO]   [Eval] Task 0, R 21: Acc: 99.61% | Prec-Mac: 65.61% | Rec-Mac: 78.93% | Mi-F1: 99.61% | Ma-F1: 68.34% | We-F1: 99.72% | Loss: 0.0114
2026-07-02 10:10:19,138 [INFO]   [CKPT] Saved: ckpt_der_task00_r021_global021_acc99.6.pth
2026-07-02 10:10:19,138 [INFO] 
--- Task 0, Round 22/30 (Global 22) ---
2026-07-02 10:23:05,169 [INFO] Edge 0: [DER] Task 0 done. Backbones: 1 | Total features: 64 | Memory: 0
2026-07-02 10:23:05,396 [INFO] Edge 1: WTO không chọn client nào.
2026-07-02 10:24:32,730 [INFO]   [Eval] Task 0, R 22: Acc: 99.73% | Prec-Mac: 68.26% | Rec-Mac: 79.74% | Mi-F1: 99.73% | Ma-F1: 71.07% | We-F1: 99.79% | Loss: 0.0093
2026-07-02 10:24:32,736 [INFO]   [CKPT] Saved: ckpt_der_task00_r022_global022_acc99.7.pth
2026-07-02 10:24:32,737 [INFO] 
--- Task 0, Round 23/30 (Global 23) ---
2026-07-02 10:38:04,983 [INFO] Edge 0: [DER] Task 0 done. Backbones: 1 | Total features: 64 | Memory: 0
2026-07-02 10:38:05,215 [INFO] Edge 1: WTO không chọn client nào.
2026-07-02 10:39:35,859 [INFO]   [Eval] Task 0, R 23: Acc: 99.72% | Prec-Mac: 67.01% | Rec-Mac: 79.71% | Mi-F1: 99.72% | Ma-F1: 70.39% | We-F1: 99.78% | Loss: 0.0095
2026-07-02 10:39:35,864 [INFO]   [CKPT] Saved: ckpt_der_task00_r023_global023_acc99.7.pth
2026-07-02 10:39:35,865 [INFO] 
--- Task 0, Round 24/30 (Global 24) ---
2026-07-02 10:52:08,576 [INFO] Edge 0: [DER] Task 0 done. Backbones: 1 | Total features: 64 | Memory: 0
2026-07-02 10:52:08,863 [INFO] Edge 1: WTO không chọn client nào.
2026-07-02 10:53:28,477 [INFO]   [Eval] Task 0, R 24: Acc: 99.57% | Prec-Mac: 65.78% | Rec-Mac: 81.27% | Mi-F1: 99.57% | Ma-F1: 68.69% | We-F1: 99.71% | Loss: 0.0126
2026-07-02 10:53:28,483 [INFO]   [CKPT] Saved: ckpt_der_task00_r024_global024_acc99.6.pth
2026-07-02 10:53:28,484 [INFO] 
--- Task 0, Round 25/30 (Global 25) ---
2026-07-02 11:05:43,990 [INFO] Edge 0: [DER] Task 0 done. Backbones: 1 | Total features: 64 | Memory: 0
2026-07-02 11:05:44,218 [INFO] Edge 1: WTO không chọn client nào.
2026-07-02 11:07:10,172 [INFO]   [Eval] Task 0, R 25: Acc: 99.67% | Prec-Mac: 66.17% | Rec-Mac: 79.60% | Mi-F1: 99.67% | Ma-F1: 69.41% | We-F1: 99.76% | Loss: 0.0108
2026-07-02 11:07:10,177 [INFO]   [CKPT] Saved: ckpt_der_task00_r025_global025_acc99.7.pth
2026-07-02 11:07:10,177 [INFO] 
--- Task 0, Round 26/30 (Global 26) ---
2026-07-02 11:19:49,213 [INFO] Edge 0: [DER] Task 0 done. Backbones: 1 | Total features: 64 | Memory: 0
2026-07-02 11:19:49,432 [INFO] Edge 1: WTO không chọn client nào.
2026-07-02 11:21:10,619 [INFO]   [Eval] Task 0, R 26: Acc: 99.81% | Prec-Mac: 68.92% | Rec-Mac: 76.70% | Mi-F1: 99.81% | Ma-F1: 71.77% | We-F1: 99.83% | Loss: 0.0063
2026-07-02 11:21:10,626 [INFO]   [CKPT] Saved: ckpt_der_task00_r026_global026_acc99.8.pth
2026-07-02 11:21:10,626 [INFO] 
--- Task 0, Round 27/30 (Global 27) ---
2026-07-02 11:33:56,023 [INFO] Edge 0: [DER] Task 0 done. Backbones: 1 | Total features: 64 | Memory: 0
2026-07-02 11:33:56,251 [INFO] Edge 1: WTO không chọn client nào.
2026-07-02 11:35:18,727 [INFO]   [Eval] Task 0, R 27: Acc: 99.63% | Prec-Mac: 66.53% | Rec-Mac: 81.61% | Mi-F1: 99.63% | Ma-F1: 69.60% | We-F1: 99.74% | Loss: 0.0112
2026-07-02 11:35:18,732 [INFO]   [CKPT] Saved: ckpt_der_task00_r027_global027_acc99.6.pth
2026-07-02 11:35:18,732 [INFO] 
--- Task 0, Round 28/30 (Global 28) ---
2026-07-02 11:44:27,649 [INFO] Edge 0: [DER] Task 0 done. Backbones: 1 | Total features: 64 | Memory: 0
2026-07-02 11:44:27,801 [INFO] Edge 1: WTO không chọn client nào.
2026-07-02 11:45:53,686 [INFO]   [Eval] Task 0, R 28: Acc: 99.79% | Prec-Mac: 68.43% | Rec-Mac: 76.88% | Mi-F1: 99.79% | Ma-F1: 71.16% | We-F1: 99.82% | Loss: 0.0068
2026-07-02 11:45:53,692 [INFO]   [CKPT] Saved: ckpt_der_task00_r028_global028_acc99.8.pth
2026-07-02 11:45:53,693 [INFO] 
--- Task 0, Round 29/30 (Global 29) ---
2026-07-02 11:58:30,820 [INFO] Edge 0: [DER] Task 0 done. Backbones: 1 | Total features: 64 | Memory: 0
2026-07-02 11:58:31,055 [INFO] Edge 1: WTO không chọn client nào.
2026-07-02 11:59:53,148 [INFO]   [Eval] Task 0, R 29: Acc: 99.72% | Prec-Mac: 67.21% | Rec-Mac: 79.04% | Mi-F1: 99.72% | Ma-F1: 70.33% | We-F1: 99.79% | Loss: 0.0086
2026-07-02 11:59:53,153 [INFO]   [CKPT] Saved: ckpt_der_task00_r029_global029_acc99.7.pth
2026-07-02 11:59:53,154 [INFO] 
--- Task 0, Round 30/30 (Global 30) ---
